<?xml version="1.0" encoding="UTF-8"?>
<!-- Generated by org.testng.reporters.JUnitReportReporter -->
<testsuite hostname="Enthrall_IT" failures="0" tests="1" name="lec20_java_selenium_methods.A02_use_of_get_by_testNG" time="19.835" errors="0" timestamp="2022-06-21T22:23:18 EDT" skipped="0">
  <testcase classname="lec20_java_selenium_methods.A02_use_of_get_by_testNG" name="urlTest" time="19.835"/>
  <system-out/>
</testsuite> <!-- lec20_java_selenium_methods.A02_use_of_get_by_testNG -->
