<?xml version="1.0" encoding="UTF-8"?>
<!-- Generated by org.testng.reporters.JUnitReportReporter -->
<testsuite hostname="Enthrall_IT" failures="0" tests="1" name="lec20_java_selenium_methods.A04_another_way_how_to_show_the_location_of_driver" time="7.603" errors="0" timestamp="2022-06-21T22:37:33 EDT" skipped="0">
  <testcase classname="lec20_java_selenium_methods.A04_another_way_how_to_show_the_location_of_driver" name="urlTest" time="7.603"/>
  <system-out/>
</testsuite> <!-- lec20_java_selenium_methods.A04_another_way_how_to_show_the_location_of_driver -->
